/root/racecar_ws/install/racecar_neo/lib/python3.10/site-packages/racecar_neo/gamepad.py
/root/racecar_ws/install/racecar_neo/lib/python3.10/site-packages/racecar_neo/pwm.py
/root/racecar_ws/install/racecar_neo/lib/python3.10/site-packages/racecar_neo/camera.py
/root/racecar_ws/install/racecar_neo/lib/python3.10/site-packages/racecar_neo/imu.py
/root/racecar_ws/install/racecar_neo/lib/python3.10/site-packages/racecar_neo/throttle.py
/root/racecar_ws/install/racecar_neo/lib/python3.10/site-packages/racecar_neo/mux.py
/root/racecar_ws/install/racecar_neo/lib/python3.10/site-packages/racecar_neo/__init__.py
/root/racecar_ws/install/racecar_neo/lib/python3.10/site-packages/racecar_neo/maestro.py
/root/racecar_ws/install/racecar_neo/lib/python3.10/site-packages/racecar_neo/__pycache__/gamepad.cpython-310.pyc
/root/racecar_ws/install/racecar_neo/lib/python3.10/site-packages/racecar_neo/__pycache__/pwm.cpython-310.pyc
/root/racecar_ws/install/racecar_neo/lib/python3.10/site-packages/racecar_neo/__pycache__/camera.cpython-310.pyc
/root/racecar_ws/install/racecar_neo/lib/python3.10/site-packages/racecar_neo/__pycache__/imu.cpython-310.pyc
/root/racecar_ws/install/racecar_neo/lib/python3.10/site-packages/racecar_neo/__pycache__/throttle.cpython-310.pyc
/root/racecar_ws/install/racecar_neo/lib/python3.10/site-packages/racecar_neo/__pycache__/mux.cpython-310.pyc
/root/racecar_ws/install/racecar_neo/lib/python3.10/site-packages/racecar_neo/__pycache__/__init__.cpython-310.pyc
/root/racecar_ws/install/racecar_neo/lib/python3.10/site-packages/racecar_neo/__pycache__/maestro.cpython-310.pyc
/root/racecar_ws/install/racecar_neo/share/ament_index/resource_index/packages/racecar_neo
/root/racecar_ws/install/racecar_neo/share/racecar_neo/package.xml
/root/racecar_ws/install/racecar_neo/share/racecar_neo/teleop.launch.py
/root/racecar_ws/install/racecar_neo/lib/python3.10/site-packages/racecar_neo-1.0.0-py3.10.egg-info/entry_points.txt
/root/racecar_ws/install/racecar_neo/lib/python3.10/site-packages/racecar_neo-1.0.0-py3.10.egg-info/top_level.txt
/root/racecar_ws/install/racecar_neo/lib/python3.10/site-packages/racecar_neo-1.0.0-py3.10.egg-info/dependency_links.txt
/root/racecar_ws/install/racecar_neo/lib/python3.10/site-packages/racecar_neo-1.0.0-py3.10.egg-info/requires.txt
/root/racecar_ws/install/racecar_neo/lib/python3.10/site-packages/racecar_neo-1.0.0-py3.10.egg-info/SOURCES.txt
/root/racecar_ws/install/racecar_neo/lib/python3.10/site-packages/racecar_neo-1.0.0-py3.10.egg-info/PKG-INFO
/root/racecar_ws/install/racecar_neo/lib/racecar_neo/camera
/root/racecar_ws/install/racecar_neo/lib/racecar_neo/gamepad
/root/racecar_ws/install/racecar_neo/lib/racecar_neo/imu
/root/racecar_ws/install/racecar_neo/lib/racecar_neo/mux
/root/racecar_ws/install/racecar_neo/lib/racecar_neo/pwm
/root/racecar_ws/install/racecar_neo/lib/racecar_neo/throttle
